0 info it worked if it ends with ok
1 verbose cli [
1 verbose cli   'C:\\Program Files\\nodejs\\node.exe',
1 verbose cli   'C:\\Program Files\\nodejs\\node_modules\\npm\\bin\\npm-cli.js',
1 verbose cli   'start',
1 verbose cli   'parcel',
1 verbose cli   '--no-cache',
1 verbose cli   'src/index.html'
1 verbose cli ]
2 info using npm@6.14.17
3 info using node@v14.19.2
4 verbose run-script [ 'prestart', 'start', 'poststart' ]
5 info lifecycle public-anakyklwnw-allazw-syskeuh@1.0.0~prestart: public-anakyklwnw-allazw-syskeuh@1.0.0
6 verbose lifecycle public-anakyklwnw-allazw-syskeuh@1.0.0~prestart: unsafe-perm in lifecycle true
7 verbose lifecycle public-anakyklwnw-allazw-syskeuh@1.0.0~prestart: PATH: C:\Users\Ab LaptopS\AppData\Roaming\nvm\v14.19.2\node_modules\npm\node_modules\npm-lifecycle\node-gyp-bin;D:\QamarSolutions\favios public-floor-care\public-floor-care\node_modules\.bin;C:\Python310\Scripts\;C:\Python310\;C:\Windows\system32;C:\Windows;C:\Windows\System32\Wbem;C:\Windows\System32\WindowsPowerShell\v1.0\;C:\Windows\System32\OpenSSH\;C:\Program Files\Git\cmd;C:\ProgramData\chocolatey\bin;C:\Users\Ab LaptopS\AppData\Roaming\nvm;C:\Program Files\nodejs;C:\Program Files\nodejs\;C:\Program Files (x86)\Intel\Intel(R) Management Engine Components\DAL;C:\Program Files\Intel\Intel(R) Management Engine Components\DAL;C:\Users\Ab LaptopS\AppData\Local\Microsoft\WindowsApps;C:\Users\Ab LaptopS\AppData\Local\GitHubDesktop\bin;C:\Users\Ab LaptopS\AppData\Local\Programs\Microsoft VS Code\bin;C:\Users\Ab LaptopS\AppData\Roaming\nvm;C:\Program Files\nodejs;C:\Users\Ab LaptopS\AppData\Roaming\npm
8 verbose lifecycle public-anakyklwnw-allazw-syskeuh@1.0.0~prestart: CWD: D:\QamarSolutions\favios public-floor-care\public-floor-care
9 silly lifecycle public-anakyklwnw-allazw-syskeuh@1.0.0~prestart: Args: [ '/d /s /c', 'rimraf .parcel-cache dist/*' ]
10 silly lifecycle public-anakyklwnw-allazw-syskeuh@1.0.0~prestart: Returned: code: 1  signal: null
11 info lifecycle public-anakyklwnw-allazw-syskeuh@1.0.0~prestart: Failed to exec prestart script
12 verbose stack Error: public-anakyklwnw-allazw-syskeuh@1.0.0 prestart: `rimraf .parcel-cache dist/*`
12 verbose stack Exit status 1
12 verbose stack     at EventEmitter.<anonymous> (C:\Users\Ab LaptopS\AppData\Roaming\nvm\v14.19.2\node_modules\npm\node_modules\npm-lifecycle\index.js:332:16)
12 verbose stack     at EventEmitter.emit (events.js:400:28)
12 verbose stack     at ChildProcess.<anonymous> (C:\Users\Ab LaptopS\AppData\Roaming\nvm\v14.19.2\node_modules\npm\node_modules\npm-lifecycle\lib\spawn.js:55:14)
12 verbose stack     at ChildProcess.emit (events.js:400:28)
12 verbose stack     at maybeClose (internal/child_process.js:1088:16)
12 verbose stack     at Process.ChildProcess._handle.onexit (internal/child_process.js:296:5)
13 verbose pkgid public-anakyklwnw-allazw-syskeuh@1.0.0
14 verbose cwd D:\QamarSolutions\favios public-floor-care\public-floor-care
15 verbose Windows_NT 10.0.19045
16 verbose argv "C:\\Program Files\\nodejs\\node.exe" "C:\\Program Files\\nodejs\\node_modules\\npm\\bin\\npm-cli.js" "start" "parcel" "--no-cache" "src/index.html"
17 verbose node v14.19.2
18 verbose npm  v6.14.17
19 error code ELIFECYCLE
20 error errno 1
21 error public-anakyklwnw-allazw-syskeuh@1.0.0 prestart: `rimraf .parcel-cache dist/*`
21 error Exit status 1
22 error Failed at the public-anakyklwnw-allazw-syskeuh@1.0.0 prestart script.
22 error This is probably not a problem with npm. There is likely additional logging output above.
23 verbose exit [ 1, true ]
